vLC/build/outputs/logs/manifest-merger-debug-report.txt
-- Merging decision tree log ---
manifest
ADDED from AndroidManifest.xml:2:1
	package
		ADDED from AndroidManifest.xml:4:5
		INJECTED from AndroidManifest.xml:0:0
		INJECTED from AndroidManifest.xml:0:0
	android:versionName
		ADDED from AndroidManifest.xml:7:5
	xmlns:tools
		ADDED from AndroidManifest.xml:3:5
	android:versionCode
		ADDED from AndroidManifest.xml:6:5
		INJECTED from AndroidManifest.xml:0:0
		INJECTED from AndroidManifest.xml:0:0
	xmlns:android
		ADDED from AndroidManifest.xml:2:11
	android:installLocation
		ADDED from AndroidManifest.xml:5:5
uses-sdk
ADDED from AndroidManifest.xml:9:5
MERGED from VLC:slidingMenu:unspecified:7:5
MERGED from VLC:wheelView:unspecified:7:5
MERGED from com.android.support:appcompat-v7:19.1.0:18:5
	android:targetSdkVersion
		ADDED from AndroidManifest.xml:11:9
		INJECTED from AndroidManifest.xml:0:0
		INJECTED from AndroidManifest.xml:0:0
	android:minSdkVersion
		ADDED from AndroidManifest.xml:10:9
		INJECTED from AndroidManifest.xml:0:0
		INJECTED from AndroidManifest.xml:0:0
uses-permission#android.permission.MODIFY_AUDIO_SETTINGS
ADDED from AndroidManifest.xml:13:5
	android:name
		ADDED from AndroidManifest.xml:13:22
uses-permission#android.permission.INTERNET
ADDED from AndroidManifest.xml:14:5
	android:name
		ADDED from AndroidManifest.xml:14:22
uses-permission#android.permission.READ_PHONE_STATE
ADDED from AndroidManifest.xml:15:5
	android:name
		ADDED from AndroidManifest.xml:15:22
uses-permission#android.permission.READ_LOGS
ADDED from AndroidManifest.xml:16:5
	android:name
		ADDED from AndroidManifest.xml:16:22
uses-permission#android.permission.VIBRATE
ADDED from AndroidManifest.xml:17:5
	android:name
		ADDED from AndroidManifest.xml:17:22
uses-permission#android.permission.WRITE_EXTERNAL_STORAGE
ADDED from AndroidManifest.xml:18:5
	android:name
		ADDED from AndroidManifest.xml:18:22
uses-permission#android.permission.WRITE_SETTINGS
ADDED from AndroidManifest.xml:19:5
	android:name
		ADDED from AndroidManifest.xml:19:22
uses-permission#android.permission.WAKE_LOCK
ADDED from AndroidManifest.xml:20:5
	android:name
		ADDED from AndroidManifest.xml:20:22
application
ADDED from AndroidManifest.xml:22:5
MERGED from VLC:wheelView:unspecified:11:5
MERGED from com.android.support:appcompat-v7:19.1.0:19:5
	android:label
		ADDED from AndroidManifest.xml:26:9
		REJECTED from VLC:wheelView:unspecified:11:18
	android:hardwareAccelerated
		ADDED from AndroidManifest.xml:24:9
	android:icon
		ADDED from AndroidManifest.xml:25:9
	android:theme
		ADDED from AndroidManifest.xml:28:9
	android:logo
		ADDED from AndroidManifest.xml:27:9
	tools:replace
		ADDED from AndroidManifest.xml:29:9
	android:name
		ADDED from AndroidManifest.xml:23:9
activity#org.videolan.vlc.gui.MainActivity
ADDED from AndroidManifest.xml:30:9
	android:label
		ADDED from AndroidManifest.xml:34:13
	android:launchMode
		ADDED from AndroidManifest.xml:35:13
	android:configChanges
		ADDED from AndroidManifest.xml:32:13
	android:icon
		ADDED from AndroidManifest.xml:33:13
	android:theme
		ADDED from AndroidManifest.xml:36:13
	android:name
		ADDED from AndroidManifest.xml:31:13
intent-filter#android.intent.action.MAIN+android.intent.category.LAUNCHER
ADDED from AndroidManifest.xml:37:13
action#android.intent.action.MAIN
ADDED from AndroidManifest.xml:38:17
	android:name
		ADDED from AndroidManifest.xml:38:25
category#android.intent.category.LAUNCHER
ADDED from AndroidManifest.xml:40:17
	android:name
		ADDED from AndroidManifest.xml:40:27
activity#org.videolan.vlc.gui.CompatErrorActivity
ADDED from AndroidManifest.xml:43:9
	android:name
		ADDED from AndroidManifest.xml:43:19
activity#org.videolan.vlc.gui.PreferencesActivity
ADDED from AndroidManifest.xml:44:9
	android:name
		ADDED from AndroidManifest.xml:44:19
activity#org.videolan.vlc.gui.BrowserActivity
ADDED from AndroidManifest.xml:45:9
	android:label
		ADDED from AndroidManifest.xml:47:13
	android:theme
		ADDED from AndroidManifest.xml:48:13
	android:name
		ADDED from AndroidManifest.xml:46:13
activity#org.videolan.vlc.gui.DebugLogActivity
ADDED from AndroidManifest.xml:49:9
	android:name
		ADDED from AndroidManifest.xml:49:19
activity#org.videolan.vlc.gui.NativeCrashActivity
ADDED from AndroidManifest.xml:50:9
	android:process
		ADDED from AndroidManifest.xml:52:13
	android:stateNotNeeded
		ADDED from AndroidManifest.xml:53:13
	android:theme
		ADDED from AndroidManifest.xml:54:13
	android:name
		ADDED from AndroidManifest.xml:51:13
activity#org.videolan.vlc.gui.video.VideoPlayerActivity
ADDED from AndroidManifest.xml:55:9
	android:configChanges
		ADDED from AndroidManifest.xml:57:13
	android:theme
		ADDED from AndroidManifest.xml:58:13
	android:name
		ADDED from AndroidManifest.xml:56:13
intent-filter#android.intent.action.VIEW+android.intent.category.BROWSABLE+android.intent.category.DEFAULT
ADDED from AndroidManifest.xml:61:13
action#android.intent.action.VIEW
ADDED from AndroidManifest.xml:62:17
	android:name
		ADDED from AndroidManifest.xml:62:25
category#android.intent.category.DEFAULT
ADDED from AndroidManifest.xml:64:17
	android:name
		ADDED from AndroidManifest.xml:64:27
category#android.intent.category.BROWSABLE
ADDED from AndroidManifest.xml:65:17
	android:name
		ADDED from AndroidManifest.xml:65:27
data
ADDED from AndroidManifest.xml:67:17
	android:scheme
		ADDED from AndroidManifest.xml:67:23
service#org.videolan.vlc.audio.AudioService
ADDED from AndroidManifest.xml:373:9
	android:name
		ADDED from AndroidManifest.xml:373:18
receiver#org.videolan.vlc.PhoneStateReceiver
ADDED from AndroidManifest.xml:375:9
	android:name
		ADDED from AndroidManifest.xml:375:19
intent-filter#android.intent.action.PHONE_STATE
ADDED from AndroidManifest.xml:376:13
action#android.intent.action.PHONE_STATE
ADDED from AndroidManifest.xml:377:17
	android:name
		ADDED from AndroidManifest.xml:377:25
receiver#org.videolan.vlc.widget.VLCAppWidgetProvider
ADDED from AndroidManifest.xml:380:9
	android:label
		ADDED from AndroidManifest.xml:383:13
	android:exported
		ADDED from AndroidManifest.xml:382:13
	android:name
		ADDED from AndroidManifest.xml:381:13
intent-filter#android.appwidget.action.APPWIDGET_UPDATE
ADDED from AndroidManifest.xml:384:13
action#android.appwidget.action.APPWIDGET_UPDATE
ADDED from AndroidManifest.xml:385:17
	android:name
		ADDED from AndroidManifest.xml:385:25
meta-data#android.appwidget.provider
ADDED from AndroidManifest.xml:388:13
	android:resource
		ADDED from AndroidManifest.xml:390:17
	android:name
		ADDED from AndroidManifest.xml:389:17
receiver#org.videolan.vlc.RemoteControlClientReceiver
ADDED from AndroidManifest.xml:392:9
	android:name
		ADDED from AndroidManifest.xml:392:19
intent-filter#android.intent.action.MEDIA_BUTTON
ADDED from AndroidManifest.xml:393:13
action#android.intent.action.MEDIA_BUTTON
ADDED from AndroidManifest.xml:394:17
	android:name
		ADDED from AndroidManifest.xml:394:25